<?xml version="1.0" encoding="UTF-8"?>
<!-- Generated by org.testng.reporters.JUnitXMLReporter -->
<testsuite hostname="Sathya" name="Test" tests="1" failures="1" timestamp="4 Apr 2016 17:17:51 GMT" time="0.035" errors="0">
  <testcase name="test" time="0.012" classname="com.ausum.qa.seleniumtests.LoginSuccessTest">
    <failure type="org.testng.TestNGException" message="
The data provider is trying to pass 0 parameters but the method com.ausum.qa.seleniumtests.LoginSuccessTest#test takes 3 and TestNG is unable in inject a suitable object">
      <![CDATA[org.testng.TestNGException: 
The data provider is trying to pass 0 parameters but the method com.ausum.qa.seleniumtests.LoginSuccessTest#test takes 3 and TestNG is unable in inject a suitable object
Caused by: java.lang.ArrayIndexOutOfBoundsException: 0
	... 17 more
... Removed 19 stack frames]]>
    </failure>
  </testcase> <!-- test -->
</testsuite> <!-- Test -->
